<?xml version="1.0" encoding="UTF-8"?>
<testng-results skipped="0" failed="0" ignored="0" total="1" passed="1">
  <reporter-output>
  </reporter-output>
  <suite name="Suite" duration-ms="12589" started-at="2019-03-02T04:25:02Z" finished-at="2019-03-02T04:25:14Z">
    <groups>
    </groups>
    <test name="Test" duration-ms="12589" started-at="2019-03-02T04:25:02Z" finished-at="2019-03-02T04:25:14Z">
      <class name="Calculator.Add">
        <test-method status="PASS" signature="Test()[pri:0, instance:Calculator.Add@3632be31]" name="Test" duration-ms="12565" started-at="2019-03-02T04:25:02Z" finished-at="2019-03-02T04:25:14Z">
          <reporter-output>
          </reporter-output>
        </test-method> <!-- Test -->
      </class> <!-- Calculator.Add -->
    </test> <!-- Test -->
  </suite> <!-- Suite -->
</testng-results>
